20220727 10:51:01.073 [main] INFO  [ApiApplication:55] - Starting ApiApplication using Java 11.0.11 on Albert.local with PID 16553 (/Users/young/dev/personal/beside/app-api/out/production/classes started by young in /Users/young/dev/personal/beside/app-api) 
20220727 10:51:01.077 [main] INFO  [ApiApplication:634] - No active profile set, falling back to 1 default profile: "default" 
20220727 10:51:01.905 [main] INFO  [RepositoryConfigurationDelegate:132] - Bootstrapping Spring Data JPA repositories in DEFAULT mode. 
20220727 10:51:01.949 [main] INFO  [RepositoryConfigurationDelegate:201] - Finished Spring Data repository scanning in 38 ms. Found 2 JPA repository interfaces. 
20220727 10:51:02.501 [main] INFO  [TomcatWebServer:108] - Tomcat initialized with port(s): 8080 (http) 
20220727 10:51:02.509 [main] INFO  [StandardService:173] - Starting service [Tomcat] 
20220727 10:51:02.509 [main] INFO  [StandardEngine:173] - Starting Servlet engine: [Apache Tomcat/9.0.64] 
20220727 10:51:02.650 [main] INFO  [[/]:173] - Initializing Spring embedded WebApplicationContext 
20220727 10:51:02.650 [main] INFO  [ServletWebServerApplicationContext:292] - Root WebApplicationContext: initialization completed in 1535 ms 
20220727 10:51:02.669 [main] INFO  [HikariDataSource:110] - HikariPool-1 - Starting... 
20220727 10:51:02.817 [main] INFO  [HikariDataSource:123] - HikariPool-1 - Start completed. 
20220727 10:51:02.827 [main] INFO  [H2ConsoleAutoConfiguration:87] - H2 console available at '/test_db'. Database available at 'jdbc:h2:~/test' 
20220727 10:51:02.920 [main] INFO  [LogHelper:31] - HHH000204: Processing PersistenceUnitInfo [name: default] 
20220727 10:51:02.963 [main] INFO  [Version:44] - HHH000412: Hibernate ORM core version 5.6.9.Final 
20220727 10:51:03.126 [main] INFO  [Version:56] - HCANN000001: Hibernate Commons Annotations {5.1.2.Final} 
20220727 10:51:03.211 [main] INFO  [Dialect:175] - HHH000400: Using dialect: org.hibernate.dialect.H2Dialect 
20220727 10:51:03.677 [main] DEBUG [SQL:144] - 
    
    drop table if exists refresh_token CASCADE  
20220727 10:51:03.685 [main] DEBUG [SQL:144] - 
    
    drop table if exists user_info CASCADE  
20220727 10:51:03.694 [main] DEBUG [SQL:144] - 
    
    create table refresh_token (
       id bigint generated by default as identity,
        created_date timestamp,
        updated_date timestamp,
        expired_time timestamp not null,
        refresh_token varchar(255) not null,
        user_id bigint not null,
        primary key (id)
    ) 
20220727 10:51:03.699 [main] DEBUG [SQL:144] - 
    
    create table user_info (
       id bigint generated by default as identity,
        created_date timestamp,
        updated_date timestamp,
        apple_id varchar(255) not null,
        birth_day varchar(255) not null,
        email varchar(255) not null,
        gender varchar(255) not null,
        nick_name varchar(255) not null,
        user_role_type varchar(255) not null,
        veganner_stage varchar(255) not null,
        primary key (id)
    ) 
20220727 10:51:03.701 [main] DEBUG [SQL:144] - 
    
    alter table refresh_token 
       add constraint UK_f95ixxe7pa48ryn1awmh2evt7 unique (user_id) 
20220727 10:51:03.702 [main] DEBUG [SQL:144] - 
    
    alter table user_info 
       add constraint UK_jcl9fqn2qgl6e39h4nrifs5qh unique (apple_id) 
20220727 10:51:03.702 [main] DEBUG [SQL:144] - 
    
    alter table user_info 
       add constraint UK_gnu0k8vv6ptioedbxbfsnan9g unique (email) 
20220727 10:51:03.704 [main] DEBUG [SQL:144] - 
    
    alter table user_info 
       add constraint UK_1sree0oh1v7qhmst1ufkv17qn unique (nick_name) 
20220727 10:51:03.706 [main] INFO  [JtaPlatformInitiator:52] - HHH000490: Using JtaPlatform implementation: [org.hibernate.engine.transaction.jta.platform.internal.NoJtaPlatform] 
20220727 10:51:03.712 [main] INFO  [LocalContainerEntityManagerFactoryBean:437] - Initialized JPA EntityManagerFactory for persistence unit 'default' 
20220727 10:51:04.319 [main] WARN  [JpaBaseConfiguration$JpaWebConfiguration:219] - spring.jpa.open-in-view is enabled by default. Therefore, database queries may be performed during view rendering. Explicitly configure spring.jpa.open-in-view to disable this warning 
20220727 10:51:04.366 [main] DEBUG [RequestMappingHandlerMapping:367] - 11 mappings in 'requestMappingHandlerMapping' 
20220727 10:51:04.427 [main] WARN  [UserDetailsServiceAutoConfiguration:88] - 

Using generated security password: adb45bfe-1d44-422e-864f-450af894b6a7

This generated password is for development use only. Your security configuration must be updated before running your application in production.
 
20220727 10:51:04.502 [main] INFO  [DefaultSecurityFilterChain:55] - Will secure any request with [org.springframework.security.web.session.DisableEncodeUrlFilter@70a91d72, org.springframework.security.web.context.request.async.WebAsyncManagerIntegrationFilter@52a9db63, org.springframework.security.web.context.SecurityContextPersistenceFilter@7712df76, org.springframework.security.web.header.HeaderWriterFilter@5cf6ba1c, org.springframework.security.web.authentication.logout.LogoutFilter@2370c90, com.app.api.core.filter.JwtTokenFilter@3957d88b, org.springframework.security.web.authentication.www.BasicAuthenticationFilter@38326fd5, org.springframework.security.web.savedrequest.RequestCacheAwareFilter@2c3d0ff8, org.springframework.security.web.servletapi.SecurityContextHolderAwareRequestFilter@7207f3c2, org.springframework.security.web.authentication.AnonymousAuthenticationFilter@402d76c7, org.springframework.security.web.session.SessionManagementFilter@2fcad739, org.springframework.security.web.access.ExceptionTranslationFilter@272485a6, org.springframework.security.web.access.intercept.AuthorizationFilter@68e62b3b] 
20220727 10:51:04.509 [main] WARN  [WebSecurity:307] - You are asking Spring Security to ignore Ant [pattern='/v2/api-docs']. This is not recommended -- please use permitAll via HttpSecurity#authorizeHttpRequests instead. 
20220727 10:51:04.509 [main] INFO  [DefaultSecurityFilterChain:52] - Will not secure Ant [pattern='/v2/api-docs'] 
20220727 10:51:04.510 [main] WARN  [WebSecurity:307] - You are asking Spring Security to ignore Ant [pattern='/swagger*/**']. This is not recommended -- please use permitAll via HttpSecurity#authorizeHttpRequests instead. 
20220727 10:51:04.510 [main] INFO  [DefaultSecurityFilterChain:52] - Will not secure Ant [pattern='/swagger*/**'] 
20220727 10:51:04.510 [main] WARN  [WebSecurity:307] - You are asking Spring Security to ignore Ant [pattern='/webjars/**']. This is not recommended -- please use permitAll via HttpSecurity#authorizeHttpRequests instead. 
20220727 10:51:04.510 [main] INFO  [DefaultSecurityFilterChain:52] - Will not secure Ant [pattern='/webjars/**'] 
20220727 10:51:04.510 [main] WARN  [WebSecurity:307] - You are asking Spring Security to ignore Ant [pattern='/test_db/**']. This is not recommended -- please use permitAll via HttpSecurity#authorizeHttpRequests instead. 
20220727 10:51:04.511 [main] INFO  [DefaultSecurityFilterChain:52] - Will not secure Ant [pattern='/test_db/**'] 
20220727 10:51:04.708 [main] DEBUG [RequestMappingHandlerAdapter:625] - ControllerAdvice beans: 0 @ModelAttribute, 0 @InitBinder, 1 RequestBodyAdvice, 1 ResponseBodyAdvice 
20220727 10:51:04.733 [main] DEBUG [SimpleUrlHandlerMapping:188] - Patterns [/swagger-ui/] in 'viewControllerHandlerMapping' 
20220727 10:51:04.747 [main] DEBUG [SimpleUrlHandlerMapping:188] - Patterns [/webjars/**, /**, /swagger-ui/**] in 'resourceHandlerMapping' 
20220727 10:51:04.753 [main] DEBUG [ExceptionHandlerExceptionResolver:307] - ControllerAdvice beans: 1 @ExceptionHandler, 1 ResponseBodyAdvice 
20220727 10:51:04.857 [main] INFO  [TomcatWebServer:220] - Tomcat started on port(s): 8080 (http) with context path '' 
20220727 10:51:05.097 [main] INFO  [ApiApplication:61] - Started ApiApplication in 4.386 seconds (JVM running for 5.07) 
20220727 10:51:31.953 [SpringApplicationShutdownHook] INFO  [LocalContainerEntityManagerFactoryBean:651] - Closing JPA EntityManagerFactory for persistence unit 'default' 
20220727 10:51:31.958 [SpringApplicationShutdownHook] INFO  [HikariDataSource:350] - HikariPool-1 - Shutdown initiated... 
20220727 10:51:31.963 [SpringApplicationShutdownHook] INFO  [HikariDataSource:352] - HikariPool-1 - Shutdown completed. 
20220727 10:51:35.902 [main] INFO  [ApiApplication:55] - Starting ApiApplication using Java 11.0.11 on Albert.local with PID 16678 (/Users/young/dev/personal/beside/app-api/out/production/classes started by young in /Users/young/dev/personal/beside/app-api) 
20220727 10:51:35.906 [main] INFO  [ApiApplication:634] - No active profile set, falling back to 1 default profile: "default" 
20220727 10:51:36.793 [main] INFO  [RepositoryConfigurationDelegate:132] - Bootstrapping Spring Data JPA repositories in DEFAULT mode. 
20220727 10:51:36.839 [main] INFO  [RepositoryConfigurationDelegate:201] - Finished Spring Data repository scanning in 40 ms. Found 2 JPA repository interfaces. 
20220727 10:51:37.388 [main] INFO  [TomcatWebServer:108] - Tomcat initialized with port(s): 8080 (http) 
20220727 10:51:37.395 [main] INFO  [StandardService:173] - Starting service [Tomcat] 
20220727 10:51:37.396 [main] INFO  [StandardEngine:173] - Starting Servlet engine: [Apache Tomcat/9.0.64] 
20220727 10:51:37.480 [main] INFO  [[/]:173] - Initializing Spring embedded WebApplicationContext 
20220727 10:51:37.480 [main] INFO  [ServletWebServerApplicationContext:292] - Root WebApplicationContext: initialization completed in 1532 ms 
20220727 10:51:37.502 [main] INFO  [HikariDataSource:110] - HikariPool-1 - Starting... 
20220727 10:51:37.648 [main] INFO  [HikariDataSource:123] - HikariPool-1 - Start completed. 
20220727 10:51:37.658 [main] INFO  [H2ConsoleAutoConfiguration:87] - H2 console available at '/test_db'. Database available at 'jdbc:h2:~/test' 
20220727 10:51:37.752 [main] INFO  [LogHelper:31] - HHH000204: Processing PersistenceUnitInfo [name: default] 
20220727 10:51:37.789 [main] INFO  [Version:44] - HHH000412: Hibernate ORM core version 5.6.9.Final 
20220727 10:51:37.940 [main] INFO  [Version:56] - HCANN000001: Hibernate Commons Annotations {5.1.2.Final} 
20220727 10:51:38.035 [main] INFO  [Dialect:175] - HHH000400: Using dialect: org.hibernate.dialect.H2Dialect 
20220727 10:51:38.538 [main] DEBUG [SQL:144] - 
    
    drop table if exists refresh_token CASCADE  
20220727 10:51:38.543 [main] DEBUG [SQL:144] - 
    
    drop table if exists user_info CASCADE  
20220727 10:51:38.547 [main] DEBUG [SQL:144] - 
    
    create table refresh_token (
       id bigint generated by default as identity,
        created_date timestamp,
        updated_date timestamp,
        expired_time timestamp not null,
        refresh_token varchar(255) not null,
        user_id bigint not null,
        primary key (id)
    ) 
20220727 10:51:38.551 [main] DEBUG [SQL:144] - 
    
    create table user_info (
       id bigint generated by default as identity,
        created_date timestamp,
        updated_date timestamp,
        apple_id varchar(255) not null,
        birth_day varchar(255) not null,
        email varchar(255) not null,
        gender varchar(255) not null,
        nick_name varchar(255) not null,
        user_role_type varchar(255) not null,
        veganner_stage varchar(255) not null,
        primary key (id)
    ) 
20220727 10:51:38.552 [main] DEBUG [SQL:144] - 
    
    alter table refresh_token 
       add constraint UK_f95ixxe7pa48ryn1awmh2evt7 unique (user_id) 
20220727 10:51:38.553 [main] DEBUG [SQL:144] - 
    
    alter table user_info 
       add constraint UK_jcl9fqn2qgl6e39h4nrifs5qh unique (apple_id) 
20220727 10:51:38.554 [main] DEBUG [SQL:144] - 
    
    alter table user_info 
       add constraint UK_gnu0k8vv6ptioedbxbfsnan9g unique (email) 
20220727 10:51:38.554 [main] DEBUG [SQL:144] - 
    
    alter table user_info 
       add constraint UK_1sree0oh1v7qhmst1ufkv17qn unique (nick_name) 
20220727 10:51:38.556 [main] INFO  [JtaPlatformInitiator:52] - HHH000490: Using JtaPlatform implementation: [org.hibernate.engine.transaction.jta.platform.internal.NoJtaPlatform] 
20220727 10:51:38.562 [main] INFO  [LocalContainerEntityManagerFactoryBean:437] - Initialized JPA EntityManagerFactory for persistence unit 'default' 
20220727 10:51:39.115 [main] WARN  [JpaBaseConfiguration$JpaWebConfiguration:219] - spring.jpa.open-in-view is enabled by default. Therefore, database queries may be performed during view rendering. Explicitly configure spring.jpa.open-in-view to disable this warning 
20220727 10:51:39.183 [main] DEBUG [RequestMappingHandlerMapping:367] - 11 mappings in 'requestMappingHandlerMapping' 
20220727 10:51:39.268 [main] WARN  [UserDetailsServiceAutoConfiguration:88] - 

Using generated security password: 3dbf15dd-2c3a-45e9-899a-73188f9eb6ed

This generated password is for development use only. Your security configuration must be updated before running your application in production.
 
20220727 10:51:39.339 [main] INFO  [DefaultSecurityFilterChain:55] - Will secure any request with [org.springframework.security.web.session.DisableEncodeUrlFilter@38ae69f7, org.springframework.security.web.context.request.async.WebAsyncManagerIntegrationFilter@be9bf2e, org.springframework.security.web.context.SecurityContextPersistenceFilter@5d1eb214, org.springframework.security.web.header.HeaderWriterFilter@5625ba2, org.springframework.security.web.authentication.logout.LogoutFilter@52a9db63, com.app.api.core.filter.JwtTokenFilter@5b322873, org.springframework.security.web.authentication.www.BasicAuthenticationFilter@56017274, org.springframework.security.web.savedrequest.RequestCacheAwareFilter@4bd1b07d, org.springframework.security.web.servletapi.SecurityContextHolderAwareRequestFilter@1e9a10e9, org.springframework.security.web.authentication.AnonymousAuthenticationFilter@623d222, org.springframework.security.web.session.SessionManagementFilter@35c9f527, org.springframework.security.web.access.ExceptionTranslationFilter@71842e18, org.springframework.security.web.access.intercept.AuthorizationFilter@4645a575] 
20220727 10:51:39.345 [main] WARN  [WebSecurity:307] - You are asking Spring Security to ignore Ant [pattern='/v2/api-docs']. This is not recommended -- please use permitAll via HttpSecurity#authorizeHttpRequests instead. 
20220727 10:51:39.346 [main] INFO  [DefaultSecurityFilterChain:52] - Will not secure Ant [pattern='/v2/api-docs'] 
20220727 10:51:39.346 [main] WARN  [WebSecurity:307] - You are asking Spring Security to ignore Ant [pattern='/swagger*/**']. This is not recommended -- please use permitAll via HttpSecurity#authorizeHttpRequests instead. 
20220727 10:51:39.347 [main] INFO  [DefaultSecurityFilterChain:52] - Will not secure Ant [pattern='/swagger*/**'] 
20220727 10:51:39.347 [main] WARN  [WebSecurity:307] - You are asking Spring Security to ignore Ant [pattern='/webjars/**']. This is not recommended -- please use permitAll via HttpSecurity#authorizeHttpRequests instead. 
20220727 10:51:39.347 [main] INFO  [DefaultSecurityFilterChain:52] - Will not secure Ant [pattern='/webjars/**'] 
20220727 10:51:39.347 [main] WARN  [WebSecurity:307] - You are asking Spring Security to ignore Ant [pattern='/test_db/**']. This is not recommended -- please use permitAll via HttpSecurity#authorizeHttpRequests instead. 
20220727 10:51:39.347 [main] INFO  [DefaultSecurityFilterChain:52] - Will not secure Ant [pattern='/test_db/**'] 
20220727 10:51:39.543 [main] DEBUG [RequestMappingHandlerAdapter:625] - ControllerAdvice beans: 0 @ModelAttribute, 0 @InitBinder, 1 RequestBodyAdvice, 1 ResponseBodyAdvice 
20220727 10:51:39.579 [main] DEBUG [SimpleUrlHandlerMapping:188] - Patterns [/swagger-ui/] in 'viewControllerHandlerMapping' 
20220727 10:51:39.602 [main] DEBUG [SimpleUrlHandlerMapping:188] - Patterns [/webjars/**, /**, /swagger-ui/**] in 'resourceHandlerMapping' 
20220727 10:51:39.616 [main] DEBUG [ExceptionHandlerExceptionResolver:307] - ControllerAdvice beans: 1 @ExceptionHandler, 1 ResponseBodyAdvice 
20220727 10:51:39.777 [main] INFO  [TomcatWebServer:220] - Tomcat started on port(s): 8080 (http) with context path '' 
20220727 10:51:40.049 [main] INFO  [ApiApplication:61] - Started ApiApplication in 4.663 seconds (JVM running for 5.572) 
20220727 10:52:52.895 [SpringApplicationShutdownHook] INFO  [LocalContainerEntityManagerFactoryBean:651] - Closing JPA EntityManagerFactory for persistence unit 'default' 
20220727 10:52:52.898 [SpringApplicationShutdownHook] INFO  [HikariDataSource:350] - HikariPool-1 - Shutdown initiated... 
20220727 10:52:52.902 [SpringApplicationShutdownHook] INFO  [HikariDataSource:352] - HikariPool-1 - Shutdown completed. 
20220727 10:52:56.070 [main] INFO  [ApiApplication:55] - Starting ApiApplication using Java 11.0.11 on Albert.local with PID 16921 (/Users/young/dev/personal/beside/app-api/out/production/classes started by young in /Users/young/dev/personal/beside/app-api) 
20220727 10:52:56.073 [main] INFO  [ApiApplication:634] - No active profile set, falling back to 1 default profile: "default" 
20220727 10:52:56.880 [main] INFO  [RepositoryConfigurationDelegate:132] - Bootstrapping Spring Data JPA repositories in DEFAULT mode. 
20220727 10:52:56.925 [main] INFO  [RepositoryConfigurationDelegate:201] - Finished Spring Data repository scanning in 38 ms. Found 2 JPA repository interfaces. 
20220727 10:52:57.507 [main] INFO  [TomcatWebServer:108] - Tomcat initialized with port(s): 8080 (http) 
20220727 10:52:57.516 [main] INFO  [StandardService:173] - Starting service [Tomcat] 
20220727 10:52:57.516 [main] INFO  [StandardEngine:173] - Starting Servlet engine: [Apache Tomcat/9.0.64] 
20220727 10:52:57.608 [main] INFO  [[/]:173] - Initializing Spring embedded WebApplicationContext 
20220727 10:52:57.608 [main] INFO  [ServletWebServerApplicationContext:292] - Root WebApplicationContext: initialization completed in 1500 ms 
20220727 10:52:57.628 [main] INFO  [HikariDataSource:110] - HikariPool-1 - Starting... 
20220727 10:52:57.792 [main] INFO  [HikariDataSource:123] - HikariPool-1 - Start completed. 
20220727 10:52:57.804 [main] INFO  [H2ConsoleAutoConfiguration:87] - H2 console available at '/test_db'. Database available at 'jdbc:h2:~/test' 
20220727 10:52:57.909 [main] INFO  [LogHelper:31] - HHH000204: Processing PersistenceUnitInfo [name: default] 
20220727 10:52:57.956 [main] INFO  [Version:44] - HHH000412: Hibernate ORM core version 5.6.9.Final 
20220727 10:52:58.129 [main] INFO  [Version:56] - HCANN000001: Hibernate Commons Annotations {5.1.2.Final} 
20220727 10:52:58.202 [main] INFO  [Dialect:175] - HHH000400: Using dialect: org.hibernate.dialect.H2Dialect 
20220727 10:52:58.729 [main] DEBUG [SQL:144] - 
    
    drop table if exists refresh_token CASCADE  
20220727 10:52:58.741 [main] DEBUG [SQL:144] - 
    
    drop table if exists user_info CASCADE  
20220727 10:52:58.746 [main] DEBUG [SQL:144] - 
    
    create table refresh_token (
       id bigint generated by default as identity,
        created_date timestamp,
        updated_date timestamp,
        expired_time timestamp not null,
        refresh_token varchar(255) not null,
        user_id bigint not null,
        primary key (id)
    ) 
20220727 10:52:58.754 [main] DEBUG [SQL:144] - 
    
    create table user_info (
       id bigint generated by default as identity,
        created_date timestamp,
        updated_date timestamp,
        apple_id varchar(255) not null,
        birth_day varchar(255) not null,
        email varchar(255) not null,
        gender varchar(255) not null,
        nick_name varchar(255) not null,
        user_role_type varchar(255) not null,
        veganner_stage varchar(255) not null,
        primary key (id)
    ) 
20220727 10:52:58.757 [main] DEBUG [SQL:144] - 
    
    alter table refresh_token 
       add constraint UK_f95ixxe7pa48ryn1awmh2evt7 unique (user_id) 
20220727 10:52:58.758 [main] DEBUG [SQL:144] - 
    
    alter table user_info 
       add constraint UK_jcl9fqn2qgl6e39h4nrifs5qh unique (apple_id) 
20220727 10:52:58.759 [main] DEBUG [SQL:144] - 
    
    alter table user_info 
       add constraint UK_gnu0k8vv6ptioedbxbfsnan9g unique (email) 
20220727 10:52:58.760 [main] DEBUG [SQL:144] - 
    
    alter table user_info 
       add constraint UK_1sree0oh1v7qhmst1ufkv17qn unique (nick_name) 
20220727 10:52:58.762 [main] INFO  [JtaPlatformInitiator:52] - HHH000490: Using JtaPlatform implementation: [org.hibernate.engine.transaction.jta.platform.internal.NoJtaPlatform] 
20220727 10:52:58.770 [main] INFO  [LocalContainerEntityManagerFactoryBean:437] - Initialized JPA EntityManagerFactory for persistence unit 'default' 
20220727 10:52:59.287 [main] WARN  [JpaBaseConfiguration$JpaWebConfiguration:219] - spring.jpa.open-in-view is enabled by default. Therefore, database queries may be performed during view rendering. Explicitly configure spring.jpa.open-in-view to disable this warning 
20220727 10:52:59.337 [main] DEBUG [RequestMappingHandlerMapping:367] - 11 mappings in 'requestMappingHandlerMapping' 
20220727 10:52:59.443 [main] WARN  [UserDetailsServiceAutoConfiguration:88] - 

Using generated security password: aa0856c7-361c-4ae8-b7dd-753f840da458

This generated password is for development use only. Your security configuration must be updated before running your application in production.
 
20220727 10:52:59.516 [main] INFO  [DefaultSecurityFilterChain:55] - Will secure any request with [org.springframework.security.web.session.DisableEncodeUrlFilter@36a8ebca, org.springframework.security.web.context.request.async.WebAsyncManagerIntegrationFilter@328e687e, org.springframework.security.web.context.SecurityContextPersistenceFilter@45ecdd32, org.springframework.security.web.header.HeaderWriterFilter@2370c90, org.springframework.security.web.authentication.logout.LogoutFilter@16e3d6d0, com.app.api.core.filter.JwtTokenFilter@3957d88b, org.springframework.security.web.authentication.www.BasicAuthenticationFilter@154208f2, org.springframework.security.web.savedrequest.RequestCacheAwareFilter@68e62b3b, org.springframework.security.web.servletapi.SecurityContextHolderAwareRequestFilter@4202bfe8, org.springframework.security.web.authentication.AnonymousAuthenticationFilter@434a72f2, org.springframework.security.web.session.SessionManagementFilter@644c3590, org.springframework.security.web.access.ExceptionTranslationFilter@5fafd099, org.springframework.security.web.access.intercept.AuthorizationFilter@629dfb5a] 
20220727 10:52:59.522 [main] WARN  [WebSecurity:307] - You are asking Spring Security to ignore Ant [pattern='/v2/api-docs']. This is not recommended -- please use permitAll via HttpSecurity#authorizeHttpRequests instead. 
20220727 10:52:59.523 [main] INFO  [DefaultSecurityFilterChain:52] - Will not secure Ant [pattern='/v2/api-docs'] 
20220727 10:52:59.523 [main] WARN  [WebSecurity:307] - You are asking Spring Security to ignore Ant [pattern='/swagger*/**']. This is not recommended -- please use permitAll via HttpSecurity#authorizeHttpRequests instead. 
20220727 10:52:59.524 [main] INFO  [DefaultSecurityFilterChain:52] - Will not secure Ant [pattern='/swagger*/**'] 
20220727 10:52:59.524 [main] WARN  [WebSecurity:307] - You are asking Spring Security to ignore Ant [pattern='/webjars/**']. This is not recommended -- please use permitAll via HttpSecurity#authorizeHttpRequests instead. 
20220727 10:52:59.524 [main] INFO  [DefaultSecurityFilterChain:52] - Will not secure Ant [pattern='/webjars/**'] 
20220727 10:52:59.524 [main] WARN  [WebSecurity:307] - You are asking Spring Security to ignore Ant [pattern='/test_db/**']. This is not recommended -- please use permitAll via HttpSecurity#authorizeHttpRequests instead. 
20220727 10:52:59.525 [main] INFO  [DefaultSecurityFilterChain:52] - Will not secure Ant [pattern='/test_db/**'] 
20220727 10:52:59.697 [main] DEBUG [RequestMappingHandlerAdapter:625] - ControllerAdvice beans: 0 @ModelAttribute, 0 @InitBinder, 1 RequestBodyAdvice, 1 ResponseBodyAdvice 
20220727 10:52:59.719 [main] DEBUG [SimpleUrlHandlerMapping:188] - Patterns [/swagger-ui/] in 'viewControllerHandlerMapping' 
20220727 10:52:59.736 [main] DEBUG [SimpleUrlHandlerMapping:188] - Patterns [/webjars/**, /**, /swagger-ui/**] in 'resourceHandlerMapping' 
20220727 10:52:59.749 [main] DEBUG [ExceptionHandlerExceptionResolver:307] - ControllerAdvice beans: 1 @ExceptionHandler, 1 ResponseBodyAdvice 
20220727 10:52:59.907 [main] INFO  [TomcatWebServer:220] - Tomcat started on port(s): 8080 (http) with context path '' 
20220727 10:53:00.117 [main] INFO  [ApiApplication:61] - Started ApiApplication in 4.421 seconds (JVM running for 5.169) 
20220727 10:53:30.456 [SpringApplicationShutdownHook] INFO  [LocalContainerEntityManagerFactoryBean:651] - Closing JPA EntityManagerFactory for persistence unit 'default' 
20220727 10:53:30.458 [SpringApplicationShutdownHook] INFO  [HikariDataSource:350] - HikariPool-1 - Shutdown initiated... 
20220727 10:53:30.461 [SpringApplicationShutdownHook] INFO  [HikariDataSource:352] - HikariPool-1 - Shutdown completed. 
